<?xml version="1.0" encoding="UTF-8"?>
<!-- Generated by org.testng.reporters.JUnitReportReporter -->
<testsuite hostname="CIOS-9300WZW-LX" failures="0" tests="1" name="com.mavenframework.testcases.LoginTestCase" time="10.572" errors="0" timestamp="2020-03-28T18:12:20 CST" skipped="0">
  <testcase classname="com.mavenframework.testcases.LoginTestCase" name="Login" time="10.572"/>
  <system-out/>
</testsuite> <!-- com.mavenframework.testcases.LoginTestCase -->
